#-----------------------------------------------------------
# Vivado v2019.1.3 (64-bit)
# SW Build 2644227 on Wed Sep  4 09:45:24 MDT 2019
# IP Build 2633630 on Wed Sep  4 12:30:14 MDT 2019
# Start of session at: Mon May 11 19:41:21 2020
# Process ID: 18844
# Current directory: C:/Zynq_Book/project_reboot/Zybo-hdmi-out/proj
# Command line: vivado.exe -gui_launcher_event rodinguilauncherevent23992 C:\Zynq_Book\project_reboot\Zybo-hdmi-out\proj\hdmi-out.xpr
# Log file: C:/Zynq_Book/project_reboot/Zybo-hdmi-out/proj/vivado.log
# Journal file: C:/Zynq_Book/project_reboot/Zybo-hdmi-out/proj\vivado.jou
#-----------------------------------------------------------
start_gui
open_project C:/Zynq_Book/project_reboot/Zybo-hdmi-out/proj/hdmi-out.xpr
WARNING: [Board 49-91] Board repository path 'C:/Users/chrisrj/AppData/Roaming/Xilinx/Vivado/2019.1/xhub/board_store' does not exist, it will not be used to search board files.
Scanning sources...
Finished scanning sources
WARNING: [filemgmt 56-3] Board Part Repository Path: Could not find the directory 'C:/Users/chrisrj/AppData/Roaming/Xilinx/Vivado/2019.1/xhub/board_store'.
INFO: [IP_Flow 19-234] Refreshing IP repositories
INFO: [IP_Flow 19-1700] Loaded user IP repository 'c:/Zynq_Book/project_reboot/Zybo-hdmi-out/repo'.
INFO: [IP_Flow 19-2313] Loaded Vivado IP repository 'C:/Xilinx/Vivado/2019.1/data/ip'.
open_project: Time (s): cpu = 00:00:18 ; elapsed = 00:00:15 . Memory (MB): peak = 992.887 ; gain = 72.418
update_compile_order -fileset sources_1
exit
INFO: [Common 17-206] Exiting Vivado at Mon May 11 19:42:16 2020...
